D:\OPENGLPROJECT\OPENGL\LESSON2\OPENGL\OPENGL\DEBUG\MAIN.OBJ
D:\OPENGLPROJECT\OPENGL\LESSON2\OPENGL\OPENGL\DEBUG\VC110.PDB
D:\OPENGLPROJECT\OPENGL\LESSON2\OPENGL\DEBUG\OPENGL.ILK
D:\OPENGLPROJECT\OPENGL\LESSON2\OPENGL\DEBUG\OPENGL.EXE
D:\OPENGLPROJECT\OPENGL\LESSON2\OPENGL\DEBUG\OPENGL.PDB
D:\openGlProject\OpenGL\Lesson2\OpenGl\OpenGl\Debug\main.obj
D:\openGlProject\OpenGL\Lesson2\OpenGl\OpenGl\Debug\cl.command.1.tlog
D:\openGlProject\OpenGL\Lesson2\OpenGl\OpenGl\Debug\CL.read.1.tlog
D:\openGlProject\OpenGL\Lesson2\OpenGl\OpenGl\Debug\CL.write.1.tlog
D:\openGlProject\OpenGL\Lesson2\OpenGl\OpenGl\Debug\link-cvtres.read.1.tlog
D:\openGlProject\OpenGL\Lesson2\OpenGl\OpenGl\Debug\link-cvtres.write.1.tlog
D:\openGlProject\OpenGL\Lesson2\OpenGl\OpenGl\Debug\link-rc.read.1.tlog
D:\openGlProject\OpenGL\Lesson2\OpenGl\OpenGl\Debug\link-rc.write.1.tlog
D:\openGlProject\OpenGL\Lesson2\OpenGl\OpenGl\Debug\link.20852-cvtres.read.1.tlog
D:\openGlProject\OpenGL\Lesson2\OpenGl\OpenGl\Debug\link.20852-cvtres.write.1.tlog
D:\openGlProject\OpenGL\Lesson2\OpenGl\OpenGl\Debug\link.20852-rc.read.1.tlog
D:\openGlProject\OpenGL\Lesson2\OpenGl\OpenGl\Debug\link.20852-rc.write.1.tlog
D:\openGlProject\OpenGL\Lesson2\OpenGl\OpenGl\Debug\link.20852.read.1.tlog
D:\openGlProject\OpenGL\Lesson2\OpenGl\OpenGl\Debug\link.20852.write.1.tlog
D:\openGlProject\OpenGL\Lesson2\OpenGl\OpenGl\Debug\link.command.1.tlog
D:\openGlProject\OpenGL\Lesson2\OpenGl\OpenGl\Debug\link.read.1.tlog
D:\openGlProject\OpenGL\Lesson2\OpenGl\OpenGl\Debug\link.write.1.tlog
D:\openGlProject\OpenGL\Lesson2\OpenGl\OpenGl\Debug\vc110.idb
D:\openGlProject\OpenGL\Lesson2\OpenGl\OpenGl\Debug\vc110.pdb
D:\openGlProject\OpenGL\Lesson2\OpenGl\Debug\OpenGl.pdb
D:\openGlProject\OpenGL\Lesson2\OpenGl\Debug\OpenGl.exe
D:\openGlProject\OpenGL\Lesson2\OpenGl\Debug\OpenGl.ilk
