D:\OPENGLPROJECT\OPENGL\LESSON4\LESSON4\LESSON4\DEBUG\MAIN.CPP.NATIVECODEANALYSIS.XML
D:\OPENGLPROJECT\OPENGL\LESSON4\LESSON4\LESSON4\DEBUG\MAIN.OBJ
D:\OPENGLPROJECT\OPENGL\LESSON4\LESSON4\LESSON4\DEBUG\VC110.PDB
D:\OPENGLPROJECT\OPENGL\LESSON4\LESSON4\DEBUG\LESSON4.ILK
D:\OPENGLPROJECT\OPENGL\LESSON4\LESSON4\DEBUG\LESSON4.EXE
D:\OPENGLPROJECT\OPENGL\LESSON4\LESSON4\DEBUG\LESSON4.PDB
D:\openGlProject\OpenGL\Lesson4\Lesson4\Lesson4\Debug\main.obj
D:\openGlProject\OpenGL\Lesson4\Lesson4\Lesson4\Debug\cl.command.1.tlog
D:\openGlProject\OpenGL\Lesson4\Lesson4\Lesson4\Debug\CL.read.1.tlog
D:\openGlProject\OpenGL\Lesson4\Lesson4\Lesson4\Debug\CL.write.1.tlog
D:\openGlProject\OpenGL\Lesson4\Lesson4\Lesson4\Debug\link-cvtres.read.1.tlog
D:\openGlProject\OpenGL\Lesson4\Lesson4\Lesson4\Debug\link-cvtres.write.1.tlog
D:\openGlProject\OpenGL\Lesson4\Lesson4\Lesson4\Debug\link-rc.read.1.tlog
D:\openGlProject\OpenGL\Lesson4\Lesson4\Lesson4\Debug\link-rc.write.1.tlog
D:\openGlProject\OpenGL\Lesson4\Lesson4\Lesson4\Debug\link.command.1.tlog
D:\openGlProject\OpenGL\Lesson4\Lesson4\Lesson4\Debug\link.read.1.tlog
D:\openGlProject\OpenGL\Lesson4\Lesson4\Lesson4\Debug\link.write.1.tlog
D:\openGlProject\OpenGL\Lesson4\Lesson4\Lesson4\Debug\NativeCodeAnalysis.read.1.tlog
D:\openGlProject\OpenGL\Lesson4\Lesson4\Lesson4\Debug\vc110.idb
D:\openGlProject\OpenGL\Lesson4\Lesson4\Lesson4\Debug\vc110.pdb
D:\openGlProject\OpenGL\Lesson4\Lesson4\Lesson4\Debug\main.cpp.nativecodeanalysis.xml
D:\openGlProject\OpenGL\Lesson4\Lesson4\Lesson4\Debug\vc.nativecodeanalysis.all.xml
D:\openGlProject\OpenGL\Lesson4\Lesson4\Debug\Lesson4.pdb
D:\openGlProject\OpenGL\Lesson4\Lesson4\Debug\Lesson4.exe
D:\openGlProject\OpenGL\Lesson4\Lesson4\Debug\Lesson4.ilk
D:\openGlProject\OpenGL\Lesson4\Lesson4\Debug\Lesson4.exe.lastcodeanalysissucceeded
